<?xml version="1.0" encoding="UTF-8" standalone="no"?>
<testsuite errors="0" failures="1" name="io.cucumber.core.plugin.JUnitFormatter" skipped="0" tests="13" time="221.707">
    <testcase classname="US1001_amazon arama" name="TC01_Amazon Arama Yapma" time="28.958">
        <system-out>
            <![CDATA[Given kullanici amazon sayfasina gider......................................passed
And iPhone icin arama yapar.................................................passed
Then sonuclarin iPhone icerdigini test eder.................................passed
Given kullanici amazon sayfasina gider......................................passed
And tea pot icin arama yapar................................................passed
Then sonuclarin tea pot icerdigini test eder................................passed
Given kullanici amazon sayfasina gider......................................passed
And flower icin arama yapar.................................................passed
Then sonuclarin flower icerdigini test eder.................................passed
Then sayfayi kapatir........................................................passed
]]>
        </system-out>
    </testcase>
    <testcase classname="US1005_Amazon Scenario Outline" name="TC10_Amazon Coklu Arama" time="15.903">
        <system-out>
            <![CDATA[Given kullanici amazon sayfasina gider......................................passed
Then "armut" icin arama yapar...............................................passed
And sonuclarin "armut" icerdigini test eder.................................passed
]]>
        </system-out>
    </testcase>
    <testcase classname="US1005_Amazon Scenario Outline" name="TC10_Amazon Coklu Arama 2" time="11.861">
        <system-out>
            <![CDATA[Given kullanici amazon sayfasina gider......................................passed
Then "elma" icin arama yapar................................................passed
And sonuclarin "elma" icerdigini test eder..................................passed
]]>
        </system-out>
    </testcase>
    <testcase classname="US1005_Amazon Scenario Outline" name="TC10_Amazon Coklu Arama 3" time="12.014">
        <system-out>
            <![CDATA[Given kullanici amazon sayfasina gider......................................passed
Then "kavun" icin arama yapar...............................................passed
And sonuclarin "kavun" icerdigini test eder.................................passed
]]>
        </system-out>
    </testcase>
    <testcase classname="US1005_Amazon Scenario Outline" name="TC10_Amazon Coklu Arama 4" time="13.24">
        <system-out>
            <![CDATA[Given kullanici amazon sayfasina gider......................................passed
Then "karpuz" icin arama yapar..............................................passed
And sonuclarin "karpuz" icerdigini test eder................................passed
]]>
        </system-out>
    </testcase>
    <testcase classname="US1005_Amazon Scenario Outline" name="TC10_Amazon Coklu Arama 5" time="15.127">
        <system-out>
            <![CDATA[Given kullanici amazon sayfasina gider......................................passed
Then "kiraz" icin arama yapar...............................................passed
And sonuclarin "kiraz" icerdigini test eder.................................passed
]]>
        </system-out>
    </testcase>
    <testcase classname="US1005_Amazon Scenario Outline" name="TC10_Amazon Coklu Arama 6" time="15.605">
        <system-out>
            <![CDATA[Given kullanici amazon sayfasina gider......................................passed
Then "muz" icin arama yapar.................................................passed
And sonuclarin "muz" icerdigini test eder...................................passed
]]>
        </system-out>
    </testcase>
    <testcase classname="US10 Koala Resort Hotels Login" name="TC11 kullanici gecerli bilgilerle giris yapar" time="37.298">
        <system-out>
            <![CDATA[Given kullanici "kr_url" sayfasina gider....................................passed
Then Log in yazisina tiklar.................................................passed
And gecerli username girer..................................................passed
And gecerli password girer..................................................passed
And Login butonuna basar....................................................passed
Then sayfaya giris yaptigini kontrol eder...................................passed
And sayfayi kapatir.........................................................passed
]]>
        </system-out>
    </testcase>
    <testcase classname="US1009 Koala  Negative Login" name="TC12 kullanici gecerli bilgilerle giris yapar" time="16.384">
        <system-out>
            <![CDATA[Given kullanici "kr_url" sayfasina gider....................................passed
Then Log in yazisina tiklar.................................................passed
And kullanici isim olarak"kr_gecersiz_username5" girer......................passed
And kullanici sifre olarak"kr_gecersiz_password5" girer.....................passed
And Login butonuna basar....................................................passed
Then sayfaya giris yapamadigini kontrol eder................................passed
And sayfayi kapatir.........................................................passed
]]>
        </system-out>
    </testcase>
    <testcase classname="US1009 Koala  Negative Login" name="TC12 kullanici gecerli bilgilerle giris yapar 2" time="14.056">
        <system-out>
            <![CDATA[Given kullanici "kr_url" sayfasina gider....................................passed
Then Log in yazisina tiklar.................................................passed
And kullanici isim olarak"kr_gecersiz_username6" girer......................passed
And kullanici sifre olarak"kr_gecersiz_password6" girer.....................passed
And Login butonuna basar....................................................passed
Then sayfaya giris yapamadigini kontrol eder................................passed
And sayfayi kapatir.........................................................passed
]]>
        </system-out>
    </testcase>
    <testcase classname="US1009 Koala  Negative Login" name="TC12 kullanici gecerli bilgilerle giris yapar 3" time="13.568">
        <system-out>
            <![CDATA[Given kullanici "kr_url" sayfasina gider....................................passed
Then Log in yazisina tiklar.................................................passed
And kullanici isim olarak"kr_gecersiz_username7" girer......................passed
And kullanici sifre olarak"kr_gecersiz_password7" girer.....................passed
And Login butonuna basar....................................................passed
Then sayfaya giris yapamadigini kontrol eder................................passed
And sayfayi kapatir.........................................................passed
]]>
        </system-out>
    </testcase>
    <testcase classname="US1009 Koala  Negative Login" name="TC12 kullanici gecerli bilgilerle giris yapar 4" time="14.146">
        <system-out>
            <![CDATA[Given kullanici "kr_url" sayfasina gider....................................passed
Then Log in yazisina tiklar.................................................passed
And kullanici isim olarak"kr_gecersiz_username8" girer......................passed
And kullanici sifre olarak"kr_gecersiz_password8" girer.....................passed
And Login butonuna basar....................................................passed
Then sayfaya giris yapamadigini kontrol eder................................passed
And sayfayi kapatir.........................................................passed
]]>
        </system-out>
    </testcase>
    <testcase classname="US1009 Koala  Negative Login" name="TC12 kullanici gecerli bilgilerle giris yapar 5" time="12.832">
        <failure message="Failed to instantiate class stepdefinitions.KoalaResortStepDefinitions" type="io.cucumber.core.exception.CucumberException">
            <![CDATA[Given kullanici "kr_url" sayfasina gider....................................passed
Then Log in yazisina tiklar.................................................failed
And kullanici isim olarak"kr_gecersiz_username9" girer......................skipped
And kullanici sifre olarak"kr_gecersiz_password9" girer.....................skipped
And Login butonuna basar....................................................skipped
Then sayfaya giris yapamadigini kontrol eder................................skipped
And sayfayi kapatir.........................................................skipped

StackTrace:
io.cucumber.core.exception.CucumberException: Failed to instantiate class stepdefinitions.KoalaResortStepDefinitions
	at io.cucumber.core.runtime.ObjectFactoryServiceLoader$DefaultJavaObjectFactory.cacheNewInstance(ObjectFactoryServiceLoader.java:140)
	at io.cucumber.core.runtime.ObjectFactoryServiceLoader$DefaultJavaObjectFactory.getInstance(ObjectFactoryServiceLoader.java:124)
	at io.cucumber.java.AbstractGlueDefinition.invokeMethod(AbstractGlueDefinition.java:47)
	at io.cucumber.java.JavaStepDefinition.execute(JavaStepDefinition.java:29)
	at io.cucumber.core.runner.CoreStepDefinition.execute(CoreStepDefinition.java:66)
	at io.cucumber.core.runner.PickleStepDefinitionMatch.runStep(PickleStepDefinitionMatch.java:63)
	at io.cucumber.core.runner.ExecutionMode$1.execute(ExecutionMode.java:10)
	at io.cucumber.core.runner.TestStep.executeStep(TestStep.java:92)
	at io.cucumber.core.runner.TestStep.run(TestStep.java:64)
	at io.cucumber.core.runner.PickleStepTestStep.run(PickleStepTestStep.java:51)
	at io.cucumber.core.runner.TestCase.run(TestCase.java:104)
	at io.cucumber.core.runner.Runner.runPickle(Runner.java:71)
	at io.cucumber.junit.PickleRunners$NoStepDescriptions.run(PickleRunners.java:151)
	at io.cucumber.junit.FeatureRunner.runChild(FeatureRunner.java:135)
	at io.cucumber.junit.FeatureRunner.runChild(FeatureRunner.java:27)
	at org.junit.runners.ParentRunner$4.run(ParentRunner.java:331)
	at org.junit.runners.ParentRunner$1.schedule(ParentRunner.java:79)
	at org.junit.runners.ParentRunner.runChildren(ParentRunner.java:329)
	at org.junit.runners.ParentRunner.access$100(ParentRunner.java:66)
	at org.junit.runners.ParentRunner$2.evaluate(ParentRunner.java:293)
	at org.junit.runners.ParentRunner$3.evaluate(ParentRunner.java:306)
	at org.junit.runners.ParentRunner.run(ParentRunner.java:413)
	at io.cucumber.junit.Cucumber.runChild(Cucumber.java:199)
	at io.cucumber.junit.Cucumber.runChild(Cucumber.java:90)
	at org.junit.runners.ParentRunner$4.run(ParentRunner.java:331)
	at org.junit.runners.ParentRunner$1.schedule(ParentRunner.java:79)
	at org.junit.runners.ParentRunner.runChildren(ParentRunner.java:329)
	at org.junit.runners.ParentRunner.access$100(ParentRunner.java:66)
	at org.junit.runners.ParentRunner$2.evaluate(ParentRunner.java:293)
	at io.cucumber.junit.Cucumber$RunCucumber.evaluate(Cucumber.java:234)
	at org.junit.runners.ParentRunner$3.evaluate(ParentRunner.java:306)
	at org.junit.runners.ParentRunner.run(ParentRunner.java:413)
	at org.junit.runner.JUnitCore.run(JUnitCore.java:137)
	at com.intellij.junit4.JUnit4IdeaTestRunner.startRunnerWithArgs(JUnit4IdeaTestRunner.java:69)
	at com.intellij.rt.junit.IdeaTestRunner$Repeater.startRunnerWithArgs(IdeaTestRunner.java:33)
	at com.intellij.rt.junit.JUnitStarter.prepareStreamsAndStart(JUnitStarter.java:221)
	at com.intellij.rt.junit.JUnitStarter.main(JUnitStarter.java:54)
Caused by: java.lang.reflect.InvocationTargetException
	at java.base/jdk.internal.reflect.NativeConstructorAccessorImpl.newInstance0(Native Method)
	at java.base/jdk.internal.reflect.NativeConstructorAccessorImpl.newInstance(NativeConstructorAccessorImpl.java:62)
	at java.base/jdk.internal.reflect.DelegatingConstructorAccessorImpl.newInstance(DelegatingConstructorAccessorImpl.java:45)
	at java.base/java.lang.reflect.Constructor.newInstance(Constructor.java:490)
	at io.cucumber.core.runtime.ObjectFactoryServiceLoader$DefaultJavaObjectFactory.cacheNewInstance(ObjectFactoryServiceLoader.java:132)
	... 36 more
Caused by: org.openqa.selenium.WebDriverException: unknown error: failed to change window state to 'normal', current state is 'maximized'
  (Session info: chrome=91.0.4472.114)
Build info: version: '3.141.59', revision: 'e82be7d358', time: '2018-11-14T08:17:03'
System info: host: 'DESKTOP-84OA929', ip: '192.168.1.147', os.name: 'Windows 10', os.arch: 'amd64', os.version: '10.0', java.version: '11.0.10'
Driver info: org.openqa.selenium.chrome.ChromeDriver
Capabilities {acceptInsecureCerts: false, browserName: chrome, browserVersion: 91.0.4472.114, chrome: {chromedriverVersion: 91.0.4472.101 (af52a90bf870..., userDataDir: C:\Users\HAKKI\AppData\Loca...}, goog:chromeOptions: {debuggerAddress: localhost:54116}, javascriptEnabled: true, networkConnectionEnabled: false, pageLoadStrategy: normal, platform: WINDOWS, platformName: WINDOWS, proxy: Proxy(), setWindowRect: true, strictFileInteractability: false, timeouts: {implicit: 0, pageLoad: 300000, script: 30000}, unhandledPromptBehavior: dismiss and notify, webauthn:extension:largeBlob: true, webauthn:virtualAuthenticators: true}
Session ID: 4824c9bc36a049a3f45915e49802b115
	at java.base/jdk.internal.reflect.NativeConstructorAccessorImpl.newInstance0(Native Method)
	at java.base/jdk.internal.reflect.NativeConstructorAccessorImpl.newInstance(NativeConstructorAccessorImpl.java:62)
	at java.base/jdk.internal.reflect.DelegatingConstructorAccessorImpl.newInstance(DelegatingConstructorAccessorImpl.java:45)
	at java.base/java.lang.reflect.Constructor.newInstance(Constructor.java:490)
	at org.openqa.selenium.remote.http.W3CHttpResponseCodec.createException(W3CHttpResponseCodec.java:187)
	at org.openqa.selenium.remote.http.W3CHttpResponseCodec.decode(W3CHttpResponseCodec.java:122)
	at org.openqa.selenium.remote.http.W3CHttpResponseCodec.decode(W3CHttpResponseCodec.java:49)
	at org.openqa.selenium.remote.HttpCommandExecutor.execute(HttpCommandExecutor.java:158)
	at org.openqa.selenium.remote.service.DriverCommandExecutor.execute(DriverCommandExecutor.java:83)
	at org.openqa.selenium.remote.RemoteWebDriver.execute(RemoteWebDriver.java:552)
	at org.openqa.selenium.remote.RemoteWebDriver.execute(RemoteWebDriver.java:609)
	at org.openqa.selenium.remote.RemoteWebDriver$RemoteWebDriverOptions$RemoteWindow.maximize(RemoteWebDriver.java:837)
	at utilities.Driver.getDriver(Driver.java:36)
	at pages.KoalaResortPage.<init>(KoalaResortPage.java:8)
	at stepdefinitions.KoalaResortStepDefinitions.<init>(KoalaResortStepDefinitions.java:11)
	... 41 more
]]>
        </failure>
    </testcase>
</testsuite>
